Arguments: 
  /usr/local/bin/node /usr/local/bin/yarn add typescript —dev

PATH: 
  /opt/homebrew/bin:/usr/local/bin:/usr/bin:/bin:/usr/sbin:/sbin:/opt/homebrew/bin

Yarn version: 
  1.22.19

Node version: 
  16.16.0

Platform: 
  darwin arm64

Trace: 
  TypeError [ERR_UNESCAPED_CHARACTERS]: https://registry.yarnpkg.com/—dev: Request path contains unescaped characters
      at new NodeError (node:internal/errors:372:5)
      at new ClientRequest (node:_http_client:160:13)
      at Object.request (node:https:353:10)
      at Request.module.exports.Request.start (/usr/local/lib/node_modules/yarn/lib/cli.js:141452:32)
      at Request.module.exports.Request.end (/usr/local/lib/node_modules/yarn/lib/cli.js:142211:10)
      at end (/usr/local/lib/node_modules/yarn/lib/cli.js:141265:14)
      at Immediate.<anonymous> (/usr/local/lib/node_modules/yarn/lib/cli.js:141279:7)
      at processImmediate (node:internal/timers:466:21)

npm manifest: 
  {
    "name": "12-04-typescript-decorator",
    "version": "1.0.0",
    "main": "index.js",
    "license": "MIT"
  }

yarn manifest: 
  No manifest

Lockfile: 
  No lockfile
